# ELBREAD: Elaboration process.
# ELBREAD: Elaboration time 0.0 [s].
alog -O2 -sve  -work Hazard $dsn/src/Hazard.v
# Warning: The source is compiled without the -dbg switch. Line breakpoints and code coverage will not be available.
# Compile...
# Pass 1. Scanning modules hierarchy.
# Info: VCP2113 Module \$root found in current working library.
# Pass 2. Processing instantiations.
# Pass 3. Processing behavioral statements.
# Running Optimizer.
# ELB/DAG code generating.
# Info: VCP2113 Module \$root found in current working library.
# Info: VCP2113 Module Tester found in current working library.
# Unit top modules: hazard.
# $root top modules: Tester hazard.
# Compile success 0 Errors 0 Warnings  Analysis time: 1[s].
# done
# ELBREAD: Elaboration process.
# ELBREAD: Elaboration time 0.0 [s].
asim -O5 +access +r +m+hazard hazard
# ELBREAD: Elaboration process.
# ELBREAD: Elaboration time 0.0 [s].
# asim: Stack memory: 32MB
# asim: Retval memory: 32MB
# KERNEL: Main thread initiated.
# KERNEL: Kernel process initialization phase.
# KERNEL: Time resolution set to 1ps.
# ELAB2: Elaboration final pass...
# ELAB2: Create instances ...
# ELAB2: Create instances complete.
# SLP: Started
# SLP: Elaboration phase ...
# SLP: Elaboration phase ... done : 0.1 [s]
# SLP: Generation phase ...
# SLP: Generation phase ... done : 2.1 [s]
# SLP: Finished : 2.2 [s]
# SLP: 0 primitives and 1 (100.00%) other processes in SLP
# SLP: 8 (100.00%) signals in SLP and 0 interface signals
# ELAB2: Elaboration final pass complete - time: 2.3 [s].
# KERNEL: SLP loading done - time: 0.1 [s].
# KERNEL: SLP simulation initialization done - time: 0.0 [s].
# KERNEL: Kernel process initialization done.
# Allocation: Simulator allocated 5212 kB (elbread=1023 elab2=4099 kernel=89 sdf=0)
# KERNEL: ASDB file was created in location E:\CSE\Pipelined-Mips-Processor\Hazard\src\wave.asdb
#  12:59 AM, Tuesday, December 15, 2015
#  Simulation has been initialized
#  Selected Top-Level: hazard (hazard)
# 3 signal(s) traced.
# 1 signal(s) traced.
# 1 signal(s) traced.
# 3 signal(s) traced.
# KERNEL: Error: KERNEL_0166 "/hazard/clk" does not have write access. Use switch +access +w_nets for this region.
# Error: Cannot force signal /hazard/clk with formula 0 0 fs, 1 50000000 fs -r 100000000 fs.
endsim
#  Simulation has been stopped
asim -O5 +access +w_nets +access +r +access +r+w hazard
# ELBREAD: Elaboration process.
# ELBREAD: Elaboration time 0.0 [s].
# asim: Stack memory: 32MB
# asim: Retval memory: 32MB
# KERNEL: Main thread initiated.
# KERNEL: Kernel process initialization phase.
# KERNEL: Time resolution set to 1ps.
# ELAB2: Elaboration final pass...
# ELAB2: Create instances ...
# ELAB2: Create instances complete.
# SLP: Started
# SLP: Elaboration phase ...
# SLP: Elaboration phase ... done : 0.0 [s]
# SLP: Generation phase ...
# SLP: Generation phase ... done : 0.8 [s]
# SLP: Finished : 0.8 [s]
# SLP: 0 primitives and 1 (100.00%) other processes in SLP
# SLP: 0 signals in SLP and 8 (100.00%) interface signals
# ELAB2: Elaboration final pass complete - time: 0.9 [s].
# KERNEL: SLP loading done - time: 0.1 [s].
# KERNEL: SLP simulation initialization done - time: 0.0 [s].
# KERNEL: Kernel process initialization done.
# Allocation: Simulator allocated 5724 kB (elbread=1023 elab2=4611 kernel=89 sdf=0)
# KERNEL: ASDB file was created in location E:\CSE\Pipelined-Mips-Processor\Hazard\src\wave.asdb
#  1:00 AM, Tuesday, December 15, 2015
#  Simulation has been initialized
#  Selected Top-Level: hazard (hazard)
# 1 signal(s) traced.
# 1 signal(s) traced.
# 3 signal(s) traced.
# 3 signal(s) traced.
# Error: Invalid stimulator parameters
# Error: Invalid stimulator parameters
run 10000ns
# KERNEL: stopped at time: 10 us
restart
# ELBREAD: Elaboration process.
# ELBREAD: Elaboration time 0.0 [s].
# KERNEL: Main thread initiated.
# KERNEL: Kernel process initialization phase.
# KERNEL: Time resolution set to 1ps.
# ELAB2: Elaboration final pass...
# ELAB2: Create instances ...
# ELAB2: Create instances complete.
# SLP: Started
# SLP: Finished. Using existing simulator library
# SLP: 0 primitives and 1 (100.00%) other processes in SLP
# SLP: 0 signals in SLP and 8 (100.00%) interface signals
# ELAB2: Elaboration final pass complete - time: 0.1 [s].
# KERNEL: SLP loading done - time: 0.0 [s].
# KERNEL: SLP simulation initialization done - time: 0.0 [s].
# KERNEL: Kernel process initialization done.
# Allocation: Simulator allocated 5724 kB (elbread=1023 elab2=4611 kernel=89 sdf=0)
# KERNEL: ASDB file was created in location E:\CSE\Pipelined-Mips-Processor\Hazard\src\wave.asdb
#  1:06 AM, Tuesday, December 15, 2015
#  Simulation has been initialized
#  Selected Top-Level: hazard (hazard)
# KERNEL: Signal '/hazard/clk' has already been traced
# KERNEL: Signal '/hazard/memr' has already been traced
# KERNEL: Signal '/hazard/rs1' has already been traced
# KERNEL: Signal '/hazard/rt1' has already been traced
# KERNEL: Signal '/hazard/rt2' has already been traced
# KERNEL: Signal '/hazard/pcw' has already been traced
# KERNEL: Signal '/hazard/s1w' has already been traced
# KERNEL: Signal '/hazard/mux' has already been traced
run 10000ns
# KERNEL: stopped at time: 10 us
restart
# ELBREAD: Elaboration process.
# ELBREAD: Elaboration time 0.0 [s].
# KERNEL: Main thread initiated.
# KERNEL: Kernel process initialization phase.
# KERNEL: Time resolution set to 1ps.
# ELAB2: Elaboration final pass...
# ELAB2: Create instances ...
# ELAB2: Create instances complete.
# SLP: Started
# SLP: Finished. Using existing simulator library
# SLP: 0 primitives and 1 (100.00%) other processes in SLP
# SLP: 0 signals in SLP and 8 (100.00%) interface signals
# ELAB2: Elaboration final pass complete - time: 0.1 [s].
# KERNEL: SLP loading done - time: 0.0 [s].
# KERNEL: SLP simulation initialization done - time: 0.0 [s].
# KERNEL: Kernel process initialization done.
# Allocation: Simulator allocated 5724 kB (elbread=1023 elab2=4611 kernel=89 sdf=0)
# KERNEL: ASDB file was created in location E:\CSE\Pipelined-Mips-Processor\Hazard\src\wave.asdb
#  1:07 AM, Tuesday, December 15, 2015
#  Simulation has been initialized
#  Selected Top-Level: hazard (hazard)
# KERNEL: Signal '/hazard/clk' has already been traced
# KERNEL: Signal '/hazard/memr' has already been traced
# KERNEL: Signal '/hazard/rs1' has already been traced
# KERNEL: Signal '/hazard/rt1' has already been traced
# KERNEL: Signal '/hazard/rt2' has already been traced
# KERNEL: Signal '/hazard/pcw' has already been traced
# KERNEL: Signal '/hazard/s1w' has already been traced
# KERNEL: Signal '/hazard/mux' has already been traced
run 10000ns
# KERNEL: stopped at time: 10 us
restart
# ELBREAD: Elaboration process.
# ELBREAD: Elaboration time 0.0 [s].
# KERNEL: Main thread initiated.
# KERNEL: Kernel process initialization phase.
# KERNEL: Time resolution set to 1ps.
# ELAB2: Elaboration final pass...
# ELAB2: Create instances ...
# ELAB2: Create instances complete.
# SLP: Started
# SLP: Finished. Using existing simulator library
# SLP: 0 primitives and 1 (100.00%) other processes in SLP
# SLP: 0 signals in SLP and 8 (100.00%) interface signals
# ELAB2: Elaboration final pass complete - time: 0.1 [s].
# KERNEL: SLP loading done - time: 0.0 [s].
# KERNEL: SLP simulation initialization done - time: 0.0 [s].
# KERNEL: Kernel process initialization done.
# Allocation: Simulator allocated 5724 kB (elbread=1023 elab2=4611 kernel=89 sdf=0)
# KERNEL: ASDB file was created in location E:\CSE\Pipelined-Mips-Processor\Hazard\src\wave.asdb
#  1:09 AM, Tuesday, December 15, 2015
#  Simulation has been initialized
#  Selected Top-Level: hazard (hazard)
# KERNEL: Signal '/hazard/clk' has already been traced
# KERNEL: Signal '/hazard/memr' has already been traced
# KERNEL: Signal '/hazard/rs1' has already been traced
# KERNEL: Signal '/hazard/rt1' has already been traced
# KERNEL: Signal '/hazard/rt2' has already been traced
# KERNEL: Signal '/hazard/pcw' has already been traced
# KERNEL: Signal '/hazard/s1w' has already been traced
# KERNEL: Signal '/hazard/mux' has already been traced
# KERNEL: stopped at time: 20480 ns
restart
# ELBREAD: Elaboration process.
# ELBREAD: Elaboration time 0.0 [s].
# KERNEL: Main thread initiated.
# KERNEL: Kernel process initialization phase.
# KERNEL: Time resolution set to 1ps.
# ELAB2: Elaboration final pass...
# ELAB2: Create instances ...
# ELAB2: Create instances complete.
# SLP: Started
# SLP: Finished. Using existing simulator library
# SLP: 0 primitives and 1 (100.00%) other processes in SLP
# SLP: 0 signals in SLP and 8 (100.00%) interface signals
# ELAB2: Elaboration final pass complete - time: 0.1 [s].
# KERNEL: SLP loading done - time: 0.0 [s].
# KERNEL: SLP simulation initialization done - time: 0.0 [s].
# KERNEL: Kernel process initialization done.
# Allocation: Simulator allocated 5724 kB (elbread=1023 elab2=4611 kernel=89 sdf=0)
# KERNEL: ASDB file was created in location E:\CSE\Pipelined-Mips-Processor\Hazard\src\wave.asdb
#  1:11 AM, Tuesday, December 15, 2015
#  Simulation has been initialized
#  Selected Top-Level: hazard (hazard)
# KERNEL: Signal '/hazard/clk' has already been traced
# KERNEL: Signal '/hazard/memr' has already been traced
# KERNEL: Signal '/hazard/rs1' has already been traced
# KERNEL: Signal '/hazard/rt1' has already been traced
# KERNEL: Signal '/hazard/rt2' has already been traced
# KERNEL: Signal '/hazard/pcw' has already been traced
# KERNEL: Signal '/hazard/s1w' has already been traced
# KERNEL: Signal '/hazard/mux' has already been traced
run 20480 ns
# KERNEL: stopped at time: 20480 ns
restart
# ELBREAD: Elaboration process.
# ELBREAD: Elaboration time 0.0 [s].
# KERNEL: Main thread initiated.
# KERNEL: Kernel process initialization phase.
# KERNEL: Time resolution set to 1ps.
# ELAB2: Elaboration final pass...
# ELAB2: Create instances ...
# ELAB2: Create instances complete.
# SLP: Started
# SLP: Finished. Using existing simulator library
# SLP: 0 primitives and 1 (100.00%) other processes in SLP
# SLP: 0 signals in SLP and 8 (100.00%) interface signals
# ELAB2: Elaboration final pass complete - time: 0.1 [s].
# KERNEL: SLP loading done - time: 0.0 [s].
# KERNEL: SLP simulation initialization done - time: 0.0 [s].
# KERNEL: Kernel process initialization done.
# Allocation: Simulator allocated 5724 kB (elbread=1023 elab2=4611 kernel=89 sdf=0)
# KERNEL: ASDB file was created in location E:\CSE\Pipelined-Mips-Processor\Hazard\src\wave.asdb
#  1:13 AM, Tuesday, December 15, 2015
#  Simulation has been initialized
#  Selected Top-Level: hazard (hazard)
# KERNEL: Signal '/hazard/clk' has already been traced
# KERNEL: Signal '/hazard/memr' has already been traced
# KERNEL: Signal '/hazard/rs1' has already been traced
# KERNEL: Signal '/hazard/rt1' has already been traced
# KERNEL: Signal '/hazard/rt2' has already been traced
# KERNEL: Signal '/hazard/pcw' has already been traced
# KERNEL: Signal '/hazard/s1w' has already been traced
# KERNEL: Signal '/hazard/mux' has already been traced
run 20480 ns
# KERNEL: stopped at time: 20480 ns
alog -O2 -sve  -work Hazard $dsn/src/Hazard.v
# Warning: The source is compiled without the -dbg switch. Line breakpoints and code coverage will not be available.
# Compile...
# Pass 1. Scanning modules hierarchy.
# Info: VCP2113 Module \$root found in current working library.
# Pass 2. Processing instantiations.
# Pass 3. Processing behavioral statements.
# Running Optimizer.
# ELB/DAG code generating.
# Info: VCP2113 Module \$root found in current working library.
# Info: VCP2113 Module Tester found in current working library.
# Unit top modules: hazard.
# $root top modules: Tester hazard.
# Compile success 0 Errors 0 Warnings  Analysis time: 0[s].
# done
restart
# ELBREAD: Elaboration process.
# ELBREAD: Elaboration time 0.0 [s].
# KERNEL: Main thread initiated.
# KERNEL: Kernel process initialization phase.
# KERNEL: Time resolution set to 1ps.
# ELAB2: Elaboration final pass...
# ELAB2: Create instances ...
# ELAB2: Create instances complete.
# SLP: Started
# SLP: Elaboration phase ...
# SLP: Elaboration phase ... done : 0.0 [s]
# SLP: Generation phase ...
# SLP: Generation phase ... done : 0.6 [s]
# SLP: Finished : 0.7 [s]
# SLP: 0 primitives and 1 (100.00%) other processes in SLP
# SLP: 0 signals in SLP and 8 (100.00%) interface signals
# ELAB2: Elaboration final pass complete - time: 0.7 [s].
# KERNEL: SLP loading done - time: 0.2 [s].
# KERNEL: SLP simulation initialization done - time: 0.0 [s].
# KERNEL: Kernel process initialization done.
# Allocation: Simulator allocated 5724 kB (elbread=1023 elab2=4611 kernel=89 sdf=0)
# KERNEL: ASDB file was created in location E:\CSE\Pipelined-Mips-Processor\Hazard\src\wave.asdb
#  1:15 AM, Tuesday, December 15, 2015
#  Simulation has been initialized
#  Selected Top-Level: hazard (hazard)
# KERNEL: Signal '/hazard/clk' has already been traced
# KERNEL: Signal '/hazard/memr' has already been traced
# KERNEL: Signal '/hazard/rs1' has already been traced
# KERNEL: Signal '/hazard/rt1' has already been traced
# KERNEL: Signal '/hazard/rt2' has already been traced
# KERNEL: Signal '/hazard/pcw' has already been traced
# KERNEL: Signal '/hazard/s1w' has already been traced
# KERNEL: Signal '/hazard/mux' has already been traced
run 20480 ns
# KERNEL: stopped at time: 20480 ns
#  Simulation has been stopped
